[16:28:48.361942] [Animation] [info] (th=230313) 'anim_idle' [trigger] State Machine State Continue - start ('idle')
[16:28:48.362132] [Animation] [info] (th=230313) 'Speed Down' [trigger] NOT Collision Continue - end  ('Vision Zone' , 'MainCharacter Body ' )
[16:28:48.362142] [Animation] [info] (th=230313) 'Walk' [trigger] NOT Collision Continue - end  ('Vision Zone' , 'MainCharacter Body ' )
[16:28:48.363058] [Animation] [info] (th=230313) 'Speed Down' [trigger] NOT Collision Continue - end  ('Vision Zone' , 'MainCharacter Body ' )
[16:28:48.363067] [Animation] [info] (th=230313) 'Walk' [trigger] NOT Collision Continue - end  ('Vision Zone' , 'MainCharacter Body ' )
[16:28:48.363262] [Animation] [info] (th=230313) 'Move Left' [trigger] Collision Continue - start ('alive' , 'Body Collision ' )
[16:28:48.363279] [Animation] [info] (th=230313) 'Move Right' [trigger] Collision Continue - start ('alive' , 'Body Collision ' )
[16:28:48.363305] [Animation] [info] (th=230313) 'Move Left' [trigger] Collision Continue - start ('Body Collision' , 'left ' )
[16:28:48.363339] [Animation] [info] (th=230313) 'Move: Y–' [trigger] Collision Started ('to Y–' , 'S: Center ' )
[16:28:50.152730] [Animation] [info] (th=230313) 'Move: Y–' [animation] start
[16:28:50.152854] [Animation] [info] (th=230313) 'Rotate Left' [trigger] Animation Started ('Move Left')
[16:28:50.152864] [Animation] [info] (th=230313) 'Walk' [trigger] Animation Continue - start ('Move Left')
[16:28:50.152866] [Animation] [info] (th=230313) 'Move Left' [animation] start
[16:28:50.152879] [Animation] [info] (th=230313) 'Speed Down' [animation] start
[16:28:50.152943] [Animation] [info] (th=230313) 'Move' [animation] start
[16:28:50.152956] [Animation] [info] (th=230313) 'anim_idle' [animation] start
[16:28:50.168610] [Animation] [info] (th=230313) 'Walk' [animation] start
[16:28:50.168635] [Animation] [info] (th=230313) 'Rotate Left' [animation] start
[16:28:50.171769] [Animation] [info] (th=230313) 'anim_idle' [animation] start
[16:28:50.188544] [Animation] [info] (th=230313) 'Move: Y–' [trigger] Collision Started ('to Y–' , 'S: Center ' )
[16:28:50.188804] [Animation] [info] (th=230313) 'walk x3.fbx' [animation] start
[16:28:50.233020] [Animation] [info] (th=230313) 'Move: Y–' [trigger] Collision Started ('to Y–' , 'S: Center ' )
[16:28:50.269595] [Animation] [info] (th=230313) 'Move: Y–' [trigger] Collision Started ('to Y–' , 'S: Center ' )
[16:28:50.307125] [Animation] [info] (th=230313) 'Move: Y–' [trigger] Collision Started ('to Y–' , 'S: Center ' )
[16:28:50.336994] [Animation] [info] (th=230313) 'Move: Y–' [trigger] Collision Started ('to Y–' , 'S: Center ' )
[16:28:50.370166] [Animation] [info] (th=230313) 'Move: Y–' [trigger] Collision Started ('to Y–' , 'S: Center ' )
[16:28:50.370254] [Animation] [info] (th=230313) 'Rotate Left' [animation] stop
[16:28:50.402925] [Animation] [info] (th=230313) 'Move: Y–' [trigger] Collision Started ('to Y–' , 'S: Center ' )
[16:28:50.437237] [Animation] [info] (th=230313) 'Move: Y–' [trigger] Collision Started ('to Y–' , 'S: Center ' )
[16:28:50.470404] [Animation] [info] (th=230313) 'Move: Y–' [trigger] Collision Started ('to Y–' , 'S: Center ' )
[16:28:50.504338] [Animation] [info] (th=230313) 'Move: Y–' [trigger] Collision Started ('to Y–' , 'S: Center ' )
[16:28:50.537578] [Animation] [info] (th=230313) 'Move: Y–' [trigger] Collision Started ('to Y–' , 'S: Center ' )
[16:28:50.570408] [Animation] [info] (th=230313) 'Move: Y–' [trigger] Collision Started ('to Y–' , 'S: Center ' )
[16:28:50.603479] [Animation] [info] (th=230313) 'Move: Y–' [trigger] Collision Started ('to Y–' , 'S: Center ' )
[16:28:50.637750] [Animation] [info] (th=230313) 'Move: Y–' [trigger] Collision Started ('to Y–' , 'S: Center ' )
[16:28:50.670865] [Animation] [info] (th=230313) 'Move: Y–' [trigger] Collision Started ('to Y–' , 'S: Center ' )
[16:28:50.704979] [Animation] [info] (th=230313) 'Move: Y–' [trigger] Collision Started ('to Y–' , 'S: Center ' )
[16:28:50.736784] [Animation] [info] (th=230313) 'Move: Y–' [trigger] Collision Started ('to Y–' , 'S: Center ' )
[16:28:50.770709] [Animation] [info] (th=230313) 'Move: Y–' [trigger] Collision Started ('to Y–' , 'S: Center ' )
[16:28:50.803981] [Animation] [info] (th=230313) 'Move: Y–' [trigger] Collision Started ('to Y–' , 'S: Center ' )
[16:28:50.837618] [Animation] [info] (th=230313) 'Move: Y–' [trigger] Collision Started ('to Y–' , 'S: Center ' )
[16:28:50.870564] [Animation] [info] (th=230313) 'Move: Y–' [trigger] Collision Started ('to Y–' , 'S: Center ' )
[16:28:50.903938] [Animation] [info] (th=230313) 'Move: Y–' [trigger] Collision Started ('to Y–' , 'S: Center ' )
[16:28:50.937847] [Animation] [info] (th=230313) 'Move: Y–' [trigger] Collision Started ('to Y–' , 'S: Center ' )
[16:28:50.971018] [Animation] [info] (th=230313) 'Move: Y–' [trigger] Collision Started ('to Y–' , 'S: Center ' )
[16:28:50.971150] [Animation] [info] (th=230313) 'Speed Down' [animation] stop
[16:28:51.003694] [Animation] [info] (th=230313) 'Move: Y–' [trigger] Collision Started ('to Y–' , 'S: Center ' )
[16:28:51.036919] [Animation] [info] (th=230313) 'Move: Y–' [trigger] Collision Started ('to Y–' , 'S: Center ' )
[16:28:51.071168] [Animation] [info] (th=230313) 'Move: Y–' [trigger] Collision Started ('to Y–' , 'S: Center ' )
[16:28:51.104913] [Animation] [info] (th=230313) 'Move: Y–' [trigger] Collision Started ('to Y–' , 'S: Center ' )
[16:28:51.136856] [Animation] [info] (th=230313) 'Move: Y–' [trigger] Collision Started ('to Y–' , 'S: Center ' )
[16:28:51.170516] [Animation] [info] (th=230313) 'Move: Y–' [trigger] Collision Started ('to Y–' , 'S: Center ' )
[16:28:51.204974] [Animation] [info] (th=230313) 'Move: Y–' [trigger] Collision Started ('to Y–' , 'S: Center ' )
[16:28:51.237909] [Animation] [info] (th=230313) 'Move: Y–' [trigger] Collision Started ('to Y–' , 'S: Center ' )
[16:28:51.271259] [Animation] [info] (th=230313) 'Move: Y–' [trigger] Collision Started ('to Y–' , 'S: Center ' )
[16:28:51.304181] [Animation] [info] (th=230313) 'Move: Y–' [trigger] Collision Started ('to Y–' , 'S: Center ' )
[16:28:51.337679] [Animation] [info] (th=230313) 'Move: Y–' [trigger] Collision Started ('to Y–' , 'S: Center ' )
[16:28:51.371752] [Animation] [info] (th=230313) 'Move: Y–' [trigger] Collision Started ('to Y–' , 'S: Center ' )
[16:28:51.403871] [Animation] [info] (th=230313) 'Move: Y–' [trigger] Collision Started ('to Y–' , 'S: Center ' )
[16:28:51.437787] [Animation] [info] (th=230313) 'Move: Y–' [trigger] Collision Started ('to Y–' , 'S: Center ' )
[16:28:51.471480] [Animation] [info] (th=230313) 'Move: Y–' [trigger] Collision Started ('to Y–' , 'S: Center ' )
[16:28:51.503754] [Animation] [info] (th=230313) 'Move: Y–' [trigger] Collision Started ('to Y–' , 'S: Center ' )
[16:28:51.536871] [Animation] [info] (th=230313) 'Move: Y–' [trigger] Collision Started ('to Y–' , 'S: Center ' )
[16:28:51.570726] [Animation] [info] (th=230313) 'Move: Y–' [trigger] Collision Started ('to Y–' , 'S: Center ' )
[16:28:51.604252] [Animation] [info] (th=230313) 'Move: Y–' [trigger] Collision Started ('to Y–' , 'S: Center ' )
[16:28:51.638455] [Animation] [info] (th=230313) 'Move: Y–' [trigger] Collision Started ('to Y–' , 'S: Center ' )
[16:28:51.670501] [Animation] [info] (th=230313) 'Move: Y–' [trigger] Collision Started ('to Y–' , 'S: Center ' )
[16:28:51.704376] [Animation] [info] (th=230313) 'Move: Y–' [trigger] Collision Started ('to Y–' , 'S: Center ' )
[16:28:51.736914] [Animation] [info] (th=230313) 'Move: Y–' [trigger] Collision Started ('to Y–' , 'S: Center ' )
[16:28:51.769631] [Animation] [info] (th=230313) 'Speed Up' [trigger] Collision Continue - start ('Vision Zone' , 'MainCharacter Body ' )
[16:28:51.769645] [Animation] [info] (th=230313) 'run.fbx' [trigger] Collision Continue - start ('Vision Zone' , 'MainCharacter Body ' )
[16:28:51.769655] [Animation] [info] (th=230313) 'Speed Down' [trigger] NOT Collision Continue - start ('Vision Zone' , 'MainCharacter Body ' )
[16:28:51.769673] [Animation] [info] (th=230313) 'Speed Down' [trigger] NOT Collision Continue - start ('Vision Zone' , 'MainCharacter Body ' )
[16:28:51.769683] [Animation] [info] (th=230313) 'Walk' [trigger] NOT Collision Continue - start ('Vision Zone' , 'MainCharacter Body ' )
[16:28:51.769689] [Animation] [info] (th=230313) 'Walk' [trigger] NOT Collision Continue - start ('Vision Zone' , 'MainCharacter Body ' )
[16:28:51.769737] [Animation] [info] (th=230313) 'Move: Y–' [trigger] Collision Started ('to Y–' , 'S: Center ' )
[16:28:51.786535] [Animation] [info] (th=230313) 'Walk' [animation] stop
[16:28:51.787286] [Animation] [info] (th=230313) 'run.fbx' [animation] start
[16:28:51.787332] [Animation] [info] (th=230313) 'Speed Up' [animation] start
[16:28:51.787539] [Animation] [info] (th=230313) 'walk x3.fbx' [animation] stop
[16:28:51.804595] [Animation] [info] (th=230313) 'Move: Y–' [trigger] Collision Started ('to Y–' , 'S: Center ' )
[16:28:51.837910] [Animation] [info] (th=230313) 'Move: Y–' [trigger] Collision Started ('to Y–' , 'S: Center ' )
[16:28:51.871047] [Animation] [info] (th=230313) 'Move: Y–' [trigger] Collision Started ('to Y–' , 'S: Center ' )
[16:28:51.904697] [Animation] [info] (th=230313) 'Move: Y–' [trigger] Collision Started ('to Y–' , 'S: Center ' )
[16:28:51.936808] [Animation] [info] (th=230313) 'anim_idle' [trigger] State Machine State Continue - end  ('idle')
[16:28:51.936851] [Animation] [info] (th=230313) 'anim_idle' [trigger] State Machine State Continue - end  ('idle')
[16:28:51.937142] [Animation] [info] (th=230313) 'anim_idle' [animation] stop
[16:28:51.937276] [Animation] [info] (th=230313) 'anim_idle' [animation] stop
[16:28:51.937326] [Animation] [info] (th=230313) 'Walk' [trigger] Animation Continue - end  ('Move Left')
[16:28:51.937330] [Animation] [info] (th=230313) 'Move Left' [animation] stop
[16:28:51.937347] [Animation] [info] (th=230313) 'Speed Up' [animation] stop
[16:28:51.937511] [Animation] [info] (th=230313) 'run.fbx' [animation] stop
[16:28:51.937571] [Animation] [info] (th=230313) 'Move' [animation] stop
[16:28:51.937587] [Animation] [info] (th=230313) 'Move: Y–' [animation] stop
[16:28:51.937802] [Animation] [info] (th=230313) 'Move' [trigger] NOT Collision Continue - end  ('S: Stop' , 'S: Stop ' )
[16:28:51.937818] [Animation] [info] (th=230313) 'Move: Y+' [trigger] NOT Collision Continue - end  ('S: Stop' , 'S: Stop ' )
[16:28:51.937830] [Animation] [info] (th=230313) 'Move: Y+' [trigger] NOT Collision Continue - end  ('S: Stop' , 'S: Stop ' )
[16:28:51.937848] [Animation] [info] (th=230313) 'Move: Y–' [trigger] NOT Collision Continue - end  ('S: Stop' , 'S: Stop ' )
[16:28:51.937859] [Animation] [info] (th=230313) 'Move: Y–' [trigger] NOT Collision Continue - end  ('S: Stop' , 'S: Stop ' )
[16:28:51.937876] [Animation] [info] (th=230313) 'Move' [trigger] Collision Continue - end  ('S: Move Y+' , 'S: Move Y+ ' )
[16:28:51.937887] [Animation] [info] (th=230313) 'Move' [trigger] Collision Continue - end  ('S: Move Y+' , 'S: Move Y+ ' )
[16:30:09.094576] [Animation] [info] (th=230313) 'anim_idle' [trigger] State Machine State Continue - start ('idle')
[16:30:09.094694] [Animation] [info] (th=230313) 'Speed Down' [trigger] NOT Collision Continue - end  ('Vision Zone' , 'MainCharacter Body ' )
[16:30:09.094703] [Animation] [info] (th=230313) 'Walk' [trigger] NOT Collision Continue - end  ('Vision Zone' , 'MainCharacter Body ' )
[16:30:09.095830] [Animation] [info] (th=230313) 'Speed Down' [trigger] NOT Collision Continue - end  ('Vision Zone' , 'MainCharacter Body ' )
[16:30:09.095844] [Animation] [info] (th=230313) 'Walk' [trigger] NOT Collision Continue - end  ('Vision Zone' , 'MainCharacter Body ' )
[16:30:09.096093] [Animation] [info] (th=230313) 'Move Left' [trigger] Collision Continue - start ('alive' , 'Body Collision ' )
[16:30:09.096121] [Animation] [info] (th=230313) 'Move Right' [trigger] Collision Continue - start ('alive' , 'Body Collision ' )
[16:30:09.096166] [Animation] [info] (th=230313) 'Move Left' [trigger] Collision Continue - start ('Body Collision' , 'left ' )
[16:30:09.096217] [Animation] [info] (th=230313) 'Move: Y–' [trigger] Collision Started ('to Y–' , 'S: Center ' )
[16:30:09.183367] [Animation] [info] (th=230313) 'Move: Y–' [animation] start
[16:30:09.183390] [Animation] [info] (th=230313) 'Speed Down' [animation] start
[16:30:09.183488] [Animation] [info] (th=230313) 'Rotate Left' [trigger] Animation Started ('Move Left')
[16:30:09.183500] [Animation] [info] (th=230313) 'Walk' [trigger] Animation Continue - start ('Move Left')
[16:30:09.183507] [Animation] [info] (th=230313) 'Move Left' [animation] start
[16:30:09.183561] [Animation] [info] (th=230313) 'Move: Y–' [animation] start
[16:30:09.183640] [Animation] [info] (th=230313) 'Move: Y+' [animation] start
[16:30:09.183720] [Animation] [info] (th=230313) 'Move' [animation] start
[16:30:09.183827] [Animation] [info] (th=230313) 'Move: Y+' [animation] start
[16:30:09.183888] [Animation] [info] (th=230313) 'Move: Y–' [animation] start
[16:30:09.183907] [Animation] [info] (th=230313) 'anim_idle' [animation] start
[16:30:09.190140] [Animation] [info] (th=230313) 'Walk' [animation] start
[16:30:09.190164] [Animation] [info] (th=230313) 'Rotate Left' [animation] start
[16:30:09.191567] [Animation] [info] (th=230313) 'anim_idle' [animation] start
[16:30:09.205782] [Animation] [info] (th=230313) 'Move: Y–' [trigger] Collision Started ('to Y–' , 'S: Center ' )
[16:30:09.206104] [Animation] [info] (th=230313) 'walk x3.fbx' [animation] start
[16:30:09.240518] [Animation] [info] (th=230313) 'Move: Y–' [trigger] Collision Started ('to Y–' , 'S: Center ' )
[16:30:09.273478] [Animation] [info] (th=230313) 'Move: Y–' [trigger] Collision Started ('to Y–' , 'S: Center ' )
[16:30:09.306954] [Animation] [info] (th=230313) 'Move: Y–' [trigger] Collision Started ('to Y–' , 'S: Center ' )
[16:30:09.340276] [Animation] [info] (th=230313) 'Move: Y–' [trigger] Collision Started ('to Y–' , 'S: Center ' )
[16:30:09.373811] [Animation] [info] (th=230313) 'Move: Y–' [trigger] Collision Started ('to Y–' , 'S: Center ' )
[16:30:09.406689] [Animation] [info] (th=230313) 'Move: Y–' [trigger] Collision Started ('to Y–' , 'S: Center ' )
[16:30:09.406771] [Animation] [info] (th=230313) 'Rotate Left' [animation] stop
[16:30:09.440980] [Animation] [info] (th=230313) 'Move: Y–' [trigger] Collision Started ('to Y–' , 'S: Center ' )
[16:30:09.473714] [Animation] [info] (th=230313) 'Move: Y–' [trigger] Collision Started ('to Y–' , 'S: Center ' )
[16:30:09.507381] [Animation] [info] (th=230313) 'Move: Y–' [trigger] Collision Started ('to Y–' , 'S: Center ' )
[16:30:09.540490] [Animation] [info] (th=230313) 'Move: Y–' [trigger] Collision Started ('to Y–' , 'S: Center ' )
[16:30:09.573756] [Animation] [info] (th=230313) 'Move: Y–' [trigger] Collision Started ('to Y–' , 'S: Center ' )
[16:30:09.606899] [Animation] [info] (th=230313) 'Move: Y–' [trigger] Collision Started ('to Y–' , 'S: Center ' )
[16:30:09.640398] [Animation] [info] (th=230313) 'Move: Y–' [trigger] Collision Started ('to Y–' , 'S: Center ' )
[16:30:09.674440] [Animation] [info] (th=230313) 'Move: Y–' [trigger] Collision Started ('to Y–' , 'S: Center ' )
[16:30:09.706023] [Animation] [info] (th=230313) 'Move: Y–' [trigger] Collision Started ('to Y–' , 'S: Center ' )
[16:30:09.739147] [Animation] [info] (th=230313) 'Move: Y–' [trigger] Collision Started ('to Y–' , 'S: Center ' )
[16:30:09.773241] [Animation] [info] (th=230313) 'Move: Y–' [trigger] Collision Started ('to Y–' , 'S: Center ' )
[16:30:09.807409] [Animation] [info] (th=230313) 'Move: Y–' [trigger] Collision Started ('to Y–' , 'S: Center ' )
[16:30:09.841458] [Animation] [info] (th=230313) 'Move: Y–' [trigger] Collision Started ('to Y–' , 'S: Center ' )
[16:30:09.874225] [Animation] [info] (th=230313) 'Move: Y–' [trigger] Collision Started ('to Y–' , 'S: Center ' )
[16:30:09.907291] [Animation] [info] (th=230313) 'Move: Y–' [trigger] Collision Started ('to Y–' , 'S: Center ' )
[16:30:09.940551] [Animation] [info] (th=230313) 'Move: Y–' [trigger] Collision Started ('to Y–' , 'S: Center ' )
[16:30:09.973316] [Animation] [info] (th=230313) 'Move: Y–' [trigger] Collision Started ('to Y–' , 'S: Center ' )
[16:30:09.990516] [Animation] [info] (th=230313) 'Speed Down' [animation] stop
[16:30:10.006074] [Animation] [info] (th=230313) 'Move: Y–' [trigger] Collision Started ('to Y–' , 'S: Center ' )
[16:30:10.040739] [Animation] [info] (th=230313) 'Move: Y–' [trigger] Collision Started ('to Y–' , 'S: Center ' )
[16:30:10.073443] [Animation] [info] (th=230313) 'Move: Y–' [trigger] Collision Started ('to Y–' , 'S: Center ' )
[16:30:10.106727] [Animation] [info] (th=230313) 'Move: Y–' [trigger] Collision Started ('to Y–' , 'S: Center ' )
[16:30:10.140696] [Animation] [info] (th=230313) 'Move: Y–' [trigger] Collision Started ('to Y–' , 'S: Center ' )
[16:30:10.173008] [Animation] [info] (th=230313) 'Move: Y–' [trigger] Collision Started ('to Y–' , 'S: Center ' )
[16:30:10.206540] [Animation] [info] (th=230313) 'Move: Y–' [trigger] Collision Started ('to Y–' , 'S: Center ' )
[16:30:10.240754] [Animation] [info] (th=230313) 'Move: Y–' [trigger] Collision Started ('to Y–' , 'S: Center ' )
[16:30:10.273815] [Animation] [info] (th=230313) 'Move: Y–' [trigger] Collision Started ('to Y–' , 'S: Center ' )
[16:30:10.307215] [Animation] [info] (th=230313) 'Move: Y–' [trigger] Collision Started ('to Y–' , 'S: Center ' )
[16:30:10.339617] [Animation] [info] (th=230313) 'Move: Y–' [trigger] Collision Started ('to Y–' , 'S: Center ' )
[16:30:10.374116] [Animation] [info] (th=230313) 'Move: Y–' [trigger] Collision Started ('to Y–' , 'S: Center ' )
[16:30:10.407824] [Animation] [info] (th=230313) 'Move: Y–' [trigger] Collision Started ('to Y–' , 'S: Center ' )
[16:30:10.440772] [Animation] [info] (th=230313) 'Move: Y–' [trigger] Collision Started ('to Y–' , 'S: Center ' )
[16:30:10.474747] [Animation] [info] (th=230313) 'Move: Y–' [trigger] Collision Started ('to Y–' , 'S: Center ' )
[16:30:10.508040] [Animation] [info] (th=230313) 'Move: Y–' [trigger] Collision Started ('to Y–' , 'S: Center ' )
[16:30:10.539828] [Animation] [info] (th=230313) 'Move: Y–' [trigger] Collision Started ('to Y–' , 'S: Center ' )
[16:30:10.574157] [Animation] [info] (th=230313) 'Move: Y–' [trigger] Collision Started ('to Y–' , 'S: Center ' )
[16:30:10.606096] [Animation] [info] (th=230313) 'Move: Y–' [trigger] Collision Started ('to Y–' , 'S: Center ' )
[16:30:10.641256] [Animation] [info] (th=230313) 'Move: Y–' [trigger] Collision Started ('to Y–' , 'S: Center ' )
[16:30:10.674654] [Animation] [info] (th=230313) 'Move: Y–' [trigger] Collision Started ('to Y–' , 'S: Center ' )
[16:30:10.708109] [Animation] [info] (th=230313) 'Move: Y–' [trigger] Collision Started ('to Y–' , 'S: Center ' )
[16:30:10.740052] [Animation] [info] (th=230313) 'Move: Y–' [trigger] Collision Started ('to Y–' , 'S: Center ' )
[16:30:10.773558] [Animation] [info] (th=230313) 'Speed Up' [trigger] Collision Continue - start ('Vision Zone' , 'MainCharacter Body ' )
[16:30:10.773577] [Animation] [info] (th=230313) 'run.fbx' [trigger] Collision Continue - start ('Vision Zone' , 'MainCharacter Body ' )
[16:30:10.773590] [Animation] [info] (th=230313) 'Speed Down' [trigger] NOT Collision Continue - start ('Vision Zone' , 'MainCharacter Body ' )
[16:30:10.773625] [Animation] [info] (th=230313) 'Speed Down' [trigger] NOT Collision Continue - start ('Vision Zone' , 'MainCharacter Body ' )
[16:30:10.773638] [Animation] [info] (th=230313) 'Walk' [trigger] NOT Collision Continue - start ('Vision Zone' , 'MainCharacter Body ' )
[16:30:10.773646] [Animation] [info] (th=230313) 'Walk' [trigger] NOT Collision Continue - start ('Vision Zone' , 'MainCharacter Body ' )
[16:30:10.773700] [Animation] [info] (th=230313) 'Move: Y–' [trigger] Collision Started ('to Y–' , 'S: Center ' )
[16:30:10.788656] [Animation] [info] (th=230313) 'Walk' [animation] stop
[16:30:10.789162] [Animation] [info] (th=230313) 'run.fbx' [animation] start
[16:30:10.789195] [Animation] [info] (th=230313) 'Speed Up' [animation] start
[16:30:10.789371] [Animation] [info] (th=230313) 'walk x3.fbx' [animation] stop
[16:30:10.806058] [Animation] [info] (th=230313) 'Move: Y–' [trigger] Collision Started ('to Y–' , 'S: Center ' )
[16:30:10.839138] [Animation] [info] (th=230313) 'Move: Y–' [trigger] Collision Started ('to Y–' , 'S: Center ' )
[16:30:10.873134] [Animation] [info] (th=230313) 'Move: Y–' [trigger] Collision Started ('to Y–' , 'S: Center ' )
[16:30:10.907350] [Animation] [info] (th=230313) 'Move: Y–' [trigger] Collision Started ('to Y–' , 'S: Center ' )
[16:30:10.940232] [Animation] [info] (th=230313) 'Move: Y–' [trigger] Collision Started ('to Y–' , 'S: Center ' )
[16:30:10.973886] [Animation] [info] (th=230313) 'Move: Y–' [trigger] Collision Started ('to Y–' , 'S: Center ' )
[16:30:11.007468] [Animation] [info] (th=230313) 'Move: Y–' [trigger] Collision Started ('to Y–' , 'S: Center ' )
[16:30:11.041392] [Animation] [info] (th=230313) 'Move: Y–' [trigger] Collision Started ('to Y–' , 'S: Center ' )
[16:30:11.073397] [Animation] [info] (th=230313) 'Move: Y–' [trigger] Collision Started ('to Y–' , 'S: Center ' )
[16:30:11.088493] [Animation] [info] (th=230313) 'anim_idle' [trigger] State Machine State Continue - end  ('idle')
[16:30:11.088535] [Animation] [info] (th=230313) 'anim_idle' [trigger] State Machine State Continue - end  ('idle')
[16:30:11.088814] [Animation] [info] (th=230313) 'anim_idle' [animation] stop
[16:30:11.088912] [Animation] [info] (th=230313) 'anim_idle' [animation] stop
[16:30:11.088953] [Animation] [info] (th=230313) 'Walk' [trigger] Animation Continue - end  ('Move Left')
[16:30:11.088955] [Animation] [info] (th=230313) 'Move Left' [animation] stop
[16:30:11.088974] [Animation] [info] (th=230313) 'Speed Up' [animation] stop
[16:30:11.089170] [Animation] [info] (th=230313) 'run.fbx' [animation] stop
[16:30:11.089234] [Animation] [info] (th=230313) 'Move' [animation] stop
[16:30:11.089247] [Animation] [info] (th=230313) 'Move: Y+' [animation] stop
[16:30:11.089259] [Animation] [info] (th=230313) 'Move: Y+' [animation] stop
[16:30:11.089274] [Animation] [info] (th=230313) 'Move: Y–' [animation] stop
[16:30:11.089319] [Animation] [info] (th=230313) 'Move: Y–' [animation] stop
[16:30:11.089351] [Animation] [info] (th=230313) 'Move: Y–' [animation] stop
[16:30:11.089651] [Animation] [info] (th=230313) 'Move' [trigger] NOT Collision Continue - end  ('S: Stop' , 'S: Stop ' )
[16:30:11.089673] [Animation] [info] (th=230313) 'Move: Y+' [trigger] NOT Collision Continue - end  ('S: Stop' , 'S: Stop ' )
[16:30:11.089699] [Animation] [info] (th=230313) 'Move: Y+' [trigger] NOT Collision Continue - end  ('S: Stop' , 'S: Stop ' )
[16:30:11.089708] [Animation] [info] (th=230313) 'Move: Y–' [trigger] NOT Collision Continue - end  ('S: Stop' , 'S: Stop ' )
[16:30:11.089721] [Animation] [info] (th=230313) 'Move: Y–' [trigger] NOT Collision Continue - end  ('S: Stop' , 'S: Stop ' )
[16:30:11.089744] [Animation] [info] (th=230313) 'Move' [trigger] Collision Continue - end  ('S: Move Y+' , 'S: Move Y+ ' )
[16:30:11.089761] [Animation] [info] (th=230313) 'Move' [trigger] Collision Continue - end  ('S: Move Y+' , 'S: Move Y+ ' )
[16:30:19.473419] [Animation] [info] (th=230313) 'anim_idle' [trigger] State Machine State Continue - start ('idle')
[16:30:19.473533] [Animation] [info] (th=230313) 'Speed Down' [trigger] NOT Collision Continue - end  ('Vision Zone' , 'MainCharacter Body ' )
[16:30:19.473555] [Animation] [info] (th=230313) 'Walk' [trigger] NOT Collision Continue - end  ('Vision Zone' , 'MainCharacter Body ' )
[16:30:19.474420] [Animation] [info] (th=230313) 'Speed Down' [trigger] NOT Collision Continue - end  ('Vision Zone' , 'MainCharacter Body ' )
[16:30:19.474431] [Animation] [info] (th=230313) 'Walk' [trigger] NOT Collision Continue - end  ('Vision Zone' , 'MainCharacter Body ' )
[16:30:19.474624] [Animation] [info] (th=230313) 'Move Left' [trigger] Collision Continue - start ('alive' , 'Body Collision ' )
[16:30:19.474639] [Animation] [info] (th=230313) 'Move Right' [trigger] Collision Continue - start ('alive' , 'Body Collision ' )
[16:30:19.474673] [Animation] [info] (th=230313) 'Move Left' [trigger] Collision Continue - start ('Body Collision' , 'left ' )
[16:30:19.474720] [Animation] [info] (th=230313) 'Move: Y–' [trigger] Collision Started ('to Y–' , 'S: Center ' )
[16:30:19.558711] [Animation] [info] (th=230313) 'Speed Down' [animation] start
[16:30:19.558857] [Animation] [info] (th=230313) 'Rotate Left' [trigger] Animation Started ('Move Left')
[16:30:19.558870] [Animation] [info] (th=230313) 'Walk' [trigger] Animation Continue - start ('Move Left')
[16:30:19.558887] [Animation] [info] (th=230313) 'Move Left' [animation] start
[16:30:19.558945] [Animation] [info] (th=230313) 'Move: Y–' [animation] start
[16:30:19.559045] [Animation] [info] (th=230313) 'Move: Y+' [animation] start
[16:30:19.559129] [Animation] [info] (th=230313) 'Move' [animation] start
[16:30:19.559220] [Animation] [info] (th=230313) 'Move: Y+' [animation] start
[16:30:19.559279] [Animation] [info] (th=230313) 'Move: Y–' [animation] start
[16:30:19.559300] [Animation] [info] (th=230313) 'anim_idle' [animation] start
[16:30:19.559360] [Animation] [info] (th=230313) 'Move: Y–' [animation] start
[16:30:19.565917] [Animation] [info] (th=230313) 'Walk' [animation] start
[16:30:19.565941] [Animation] [info] (th=230313) 'Rotate Left' [animation] start
[16:30:19.567187] [Animation] [info] (th=230313) 'Move: Y–' [trigger] Collision Started ('to Y–' , 'S: Center ' )
[16:30:19.567561] [Animation] [info] (th=230313) 'anim_idle' [animation] start
[16:30:19.583757] [Animation] [info] (th=230313) 'walk x3.fbx' [animation] start
[16:30:19.600292] [Animation] [info] (th=230313) 'Move: Y–' [trigger] Collision Started ('to Y–' , 'S: Center ' )
[16:30:19.633446] [Animation] [info] (th=230313) 'Move: Y–' [trigger] Collision Started ('to Y–' , 'S: Center ' )
[16:30:19.667183] [Animation] [info] (th=230313) 'Move: Y–' [trigger] Collision Started ('to Y–' , 'S: Center ' )
[16:30:19.701766] [Animation] [info] (th=230313) 'Move: Y–' [trigger] Collision Started ('to Y–' , 'S: Center ' )
[16:30:19.733285] [Animation] [info] (th=230313) 'Move: Y–' [trigger] Collision Started ('to Y–' , 'S: Center ' )
[16:30:19.768922] [Animation] [info] (th=230313) 'Move: Y–' [trigger] Collision Started ('to Y–' , 'S: Center ' )
[16:30:19.769005] [Animation] [info] (th=230313) 'Rotate Left' [animation] stop
[16:30:19.800669] [Animation] [info] (th=230313) 'Move: Y–' [trigger] Collision Started ('to Y–' , 'S: Center ' )
[16:30:19.833183] [Animation] [info] (th=230313) 'Move: Y–' [trigger] Collision Started ('to Y–' , 'S: Center ' )
[16:30:19.867644] [Animation] [info] (th=230313) 'Move: Y–' [trigger] Collision Started ('to Y–' , 'S: Center ' )
[16:30:19.900612] [Animation] [info] (th=230313) 'Move: Y–' [trigger] Collision Started ('to Y–' , 'S: Center ' )
[16:30:19.933054] [Animation] [info] (th=230313) 'Move: Y–' [trigger] Collision Started ('to Y–' , 'S: Center ' )
[16:30:19.967850] [Animation] [info] (th=230313) 'Move: Y–' [trigger] Collision Started ('to Y–' , 'S: Center ' )
[16:30:20.000425] [Animation] [info] (th=230313) 'Move: Y–' [trigger] Collision Started ('to Y–' , 'S: Center ' )
[16:30:20.033454] [Animation] [info] (th=230313) 'Move: Y–' [trigger] Collision Started ('to Y–' , 'S: Center ' )
[16:30:20.067793] [Animation] [info] (th=230313) 'Move: Y–' [trigger] Collision Started ('to Y–' , 'S: Center ' )
[16:30:20.101728] [Animation] [info] (th=230313) 'Move: Y–' [trigger] Collision Started ('to Y–' , 'S: Center ' )
[16:30:20.133516] [Animation] [info] (th=230313) 'Move: Y–' [trigger] Collision Started ('to Y–' , 'S: Center ' )
[16:30:20.168034] [Animation] [info] (th=230313) 'Move: Y–' [trigger] Collision Started ('to Y–' , 'S: Center ' )
[16:30:20.200347] [Animation] [info] (th=230313) 'Move: Y–' [trigger] Collision Started ('to Y–' , 'S: Center ' )
[16:30:20.233280] [Animation] [info] (th=230313) 'Move: Y–' [trigger] Collision Started ('to Y–' , 'S: Center ' )
[16:30:20.267828] [Animation] [info] (th=230313) 'Move: Y–' [trigger] Collision Started ('to Y–' , 'S: Center ' )
[16:30:20.300608] [Animation] [info] (th=230313) 'Move: Y–' [trigger] Collision Started ('to Y–' , 'S: Center ' )
[16:30:20.333040] [Animation] [info] (th=230313) 'Move: Y–' [trigger] Collision Started ('to Y–' , 'S: Center ' )
[16:30:20.367176] [Animation] [info] (th=230313) 'Move: Y–' [trigger] Collision Started ('to Y–' , 'S: Center ' )
[16:30:20.367252] [Animation] [info] (th=230313) 'Speed Down' [animation] stop
[16:30:20.400963] [Animation] [info] (th=230313) 'Move: Y–' [trigger] Collision Started ('to Y–' , 'S: Center ' )
[16:30:20.432837] [Animation] [info] (th=230313) 'Move: Y–' [trigger] Collision Started ('to Y–' , 'S: Center ' )
[16:30:20.467300] [Animation] [info] (th=230313) 'Move: Y–' [trigger] Collision Started ('to Y–' , 'S: Center ' )
[16:30:20.501352] [Animation] [info] (th=230313) 'Move: Y–' [trigger] Collision Started ('to Y–' , 'S: Center ' )
[16:30:20.534075] [Animation] [info] (th=230313) 'Move: Y–' [trigger] Collision Started ('to Y–' , 'S: Center ' )
[16:30:20.567900] [Animation] [info] (th=230313) 'Move: Y–' [trigger] Collision Started ('to Y–' , 'S: Center ' )
[16:30:20.601092] [Animation] [info] (th=230313) 'Move: Y–' [trigger] Collision Started ('to Y–' , 'S: Center ' )
[16:30:20.633155] [Animation] [info] (th=230313) 'Move: Y–' [trigger] Collision Started ('to Y–' , 'S: Center ' )
[16:30:20.667013] [Animation] [info] (th=230313) 'Move: Y–' [trigger] Collision Started ('to Y–' , 'S: Center ' )
[16:30:20.700725] [Animation] [info] (th=230313) 'Move: Y–' [trigger] Collision Started ('to Y–' , 'S: Center ' )
[16:30:20.733433] [Animation] [info] (th=230313) 'Move: Y–' [trigger] Collision Started ('to Y–' , 'S: Center ' )
[16:30:20.766135] [Animation] [info] (th=230313) 'Move: Y–' [trigger] Collision Started ('to Y–' , 'S: Center ' )
[16:30:20.800690] [Animation] [info] (th=230313) 'Move: Y–' [trigger] Collision Started ('to Y–' , 'S: Center ' )
[16:30:20.833671] [Animation] [info] (th=230313) 'Move: Y–' [trigger] Collision Started ('to Y–' , 'S: Center ' )
[16:30:20.866820] [Animation] [info] (th=230313) 'Move: Y–' [trigger] Collision Started ('to Y–' , 'S: Center ' )
[16:30:20.900572] [Animation] [info] (th=230313) 'Move: Y–' [trigger] Collision Started ('to Y–' , 'S: Center ' )
[16:30:20.934646] [Animation] [info] (th=230313) 'Move: Y–' [trigger] Collision Started ('to Y–' , 'S: Center ' )
[16:30:20.967789] [Animation] [info] (th=230313) 'Move: Y–' [trigger] Collision Started ('to Y–' , 'S: Center ' )
[16:30:21.004084] [Animation] [info] (th=230313) 'Move: Y–' [trigger] Collision Started ('to Y–' , 'S: Center ' )
[16:30:21.034342] [Animation] [info] (th=230313) 'Move: Y–' [trigger] Collision Started ('to Y–' , 'S: Center ' )
[16:30:21.067966] [Animation] [info] (th=230313) 'Move: Y–' [trigger] Collision Started ('to Y–' , 'S: Center ' )
[16:30:21.102462] [Animation] [info] (th=230313) 'Move: Y–' [trigger] Collision Started ('to Y–' , 'S: Center ' )
[16:30:21.133471] [Animation] [info] (th=230313) 'Move: Y–' [trigger] Collision Started ('to Y–' , 'S: Center ' )
[16:30:21.154776] [Animation] [info] (th=230313) 'anim_idle' [trigger] State Machine State Continue - end  ('idle')
[16:30:21.154879] [Animation] [info] (th=230313) 'anim_idle' [trigger] State Machine State Continue - end  ('idle')
[16:30:21.155234] [Animation] [info] (th=230313) 'anim_idle' [animation] stop
[16:30:21.155346] [Animation] [info] (th=230313) 'anim_idle' [animation] stop
[16:30:21.155399] [Animation] [info] (th=230313) 'Walk' [trigger] Animation Continue - end  ('Move Left')
[16:30:21.155402] [Animation] [info] (th=230313) 'Move Left' [animation] stop
[16:30:21.155746] [Animation] [info] (th=230313) 'Walk' [animation] stop
[16:30:21.155766] [Animation] [info] (th=230313) 'Move' [animation] stop
[16:30:21.155790] [Animation] [info] (th=230313) 'Move: Y+' [animation] stop
[16:30:21.155801] [Animation] [info] (th=230313) 'Move: Y+' [animation] stop
[16:30:21.155819] [Animation] [info] (th=230313) 'Move: Y–' [animation] stop
[16:30:21.155835] [Animation] [info] (th=230313) 'Move: Y–' [animation] stop
[16:30:21.155848] [Animation] [info] (th=230313) 'Move: Y–' [animation] stop
[16:30:21.156171] [Animation] [info] (th=230313) 'Move' [trigger] NOT Collision Continue - end  ('S: Stop' , 'S: Stop ' )
[16:30:21.156195] [Animation] [info] (th=230313) 'Move: Y+' [trigger] NOT Collision Continue - end  ('S: Stop' , 'S: Stop ' )
[16:30:21.156212] [Animation] [info] (th=230313) 'Move: Y+' [trigger] NOT Collision Continue - end  ('S: Stop' , 'S: Stop ' )
[16:30:21.156228] [Animation] [info] (th=230313) 'Move: Y–' [trigger] NOT Collision Continue - end  ('S: Stop' , 'S: Stop ' )
[16:30:21.156249] [Animation] [info] (th=230313) 'Move: Y–' [trigger] NOT Collision Continue - end  ('S: Stop' , 'S: Stop ' )
[16:30:21.156302] [Animation] [info] (th=230313) 'Move' [trigger] Collision Continue - end  ('S: Move Y+' , 'S: Move Y+ ' )
[16:30:21.156325] [Animation] [info] (th=230313) 'Move' [trigger] Collision Continue - end  ('S: Move Y+' , 'S: Move Y+ ' )
[16:30:21.353194] [Animation] [info] (th=230313) 'walk x3.fbx' [animation] stop
[16:30:30.015401] [Animation] [info] (th=230313) 'anim_idle' [trigger] State Machine State Continue - start ('idle')
[16:30:30.015518] [Animation] [info] (th=230313) 'Speed Down' [trigger] NOT Collision Continue - end  ('Vision Zone' , 'MainCharacter Body ' )
[16:30:30.015528] [Animation] [info] (th=230313) 'Walk' [trigger] NOT Collision Continue - end  ('Vision Zone' , 'MainCharacter Body ' )
[16:30:30.016391] [Animation] [info] (th=230313) 'Speed Down' [trigger] NOT Collision Continue - end  ('Vision Zone' , 'MainCharacter Body ' )
[16:30:30.016406] [Animation] [info] (th=230313) 'Walk' [trigger] NOT Collision Continue - end  ('Vision Zone' , 'MainCharacter Body ' )
[16:30:30.016677] [Animation] [info] (th=230313) 'Move Left' [trigger] Collision Continue - start ('alive' , 'Body Collision ' )
[16:30:30.016691] [Animation] [info] (th=230313) 'Move Right' [trigger] Collision Continue - start ('alive' , 'Body Collision ' )
[16:30:30.016735] [Animation] [info] (th=230313) 'Move Left' [trigger] Collision Continue - start ('Body Collision' , 'left ' )
[16:30:30.016774] [Animation] [info] (th=230313) 'Move: Y–' [trigger] Collision Started ('to Y–' , 'S: Center ' )
[16:30:30.105075] [Animation] [info] (th=230313) 'Speed Down' [animation] start
[16:30:30.105215] [Animation] [info] (th=230313) 'Rotate Left' [trigger] Animation Started ('Move Left')
[16:30:30.105229] [Animation] [info] (th=230313) 'Walk' [trigger] Animation Continue - start ('Move Left')
[16:30:30.105231] [Animation] [info] (th=230313) 'Move Left' [animation] start
[16:30:30.105299] [Animation] [info] (th=230313) 'Move: Y–' [animation] start
[16:30:30.105428] [Animation] [info] (th=230313) 'Move: Y+' [animation] start
[16:30:30.105513] [Animation] [info] (th=230313) 'Move' [animation] start
[16:30:30.105606] [Animation] [info] (th=230313) 'Move: Y+' [animation] start
[16:30:30.105670] [Animation] [info] (th=230313) 'Move: Y–' [animation] start
[16:30:30.105691] [Animation] [info] (th=230313) 'anim_idle' [animation] start
[16:30:30.105756] [Animation] [info] (th=230313) 'Move: Y–' [animation] start
[16:30:30.112747] [Animation] [info] (th=230313) 'Walk' [animation] start
[16:30:30.112769] [Animation] [info] (th=230313) 'Rotate Left' [animation] start
[16:30:30.113963] [Animation] [info] (th=230313) 'Move: Y–' [trigger] Collision Started ('to Y–' , 'S: Center ' )
[16:30:30.114390] [Animation] [info] (th=230313) 'anim_idle' [animation] start
[16:30:30.129113] [Animation] [info] (th=230313) 'walk x3.fbx' [animation] start
[16:30:30.142094] [Animation] [info] (th=230313) 'Move: Y–' [trigger] Collision Started ('to Y–' , 'S: Center ' )
[16:30:30.174271] [Animation] [info] (th=230313) 'Move: Y–' [trigger] Collision Started ('to Y–' , 'S: Center ' )
[16:30:30.206606] [Animation] [info] (th=230313) 'Move: Y–' [trigger] Collision Started ('to Y–' , 'S: Center ' )
[16:30:30.240222] [Animation] [info] (th=230313) 'Move: Y–' [trigger] Collision Started ('to Y–' , 'S: Center ' )
[16:30:30.273140] [Animation] [info] (th=230313) 'Move: Y–' [trigger] Collision Started ('to Y–' , 'S: Center ' )
[16:30:30.289508] [Animation] [info] (th=230313) 'anim_idle' [trigger] State Machine State Continue - end  ('idle')
[16:30:30.289575] [Animation] [info] (th=230313) 'anim_idle' [trigger] State Machine State Continue - end  ('idle')
[16:30:30.290028] [Animation] [info] (th=230313) 'anim_idle' [animation] stop
[16:30:30.290253] [Animation] [info] (th=230313) 'anim_idle' [animation] stop
[16:30:30.290281] [Animation] [info] (th=230313) 'Rotate Left' [animation] stop
[16:30:30.290334] [Animation] [info] (th=230313) 'Walk' [trigger] Animation Continue - end  ('Move Left')
[16:30:30.290338] [Animation] [info] (th=230313) 'Move Left' [animation] stop
[16:30:30.290356] [Animation] [info] (th=230313) 'Speed Down' [animation] stop
[16:30:30.290806] [Animation] [info] (th=230313) 'Walk' [animation] stop
[16:30:30.290837] [Animation] [info] (th=230313) 'Move' [animation] stop
[16:30:30.290855] [Animation] [info] (th=230313) 'Move: Y+' [animation] stop
[16:30:30.290872] [Animation] [info] (th=230313) 'Move: Y+' [animation] stop
[16:30:30.290892] [Animation] [info] (th=230313) 'Move: Y–' [animation] stop
[16:30:30.290908] [Animation] [info] (th=230313) 'Move: Y–' [animation] stop
[16:30:30.290926] [Animation] [info] (th=230313) 'Move: Y–' [animation] stop
[16:30:30.291278] [Animation] [info] (th=230313) 'Move' [trigger] NOT Collision Continue - end  ('S: Stop' , 'S: Stop ' )
[16:30:30.291313] [Animation] [info] (th=230313) 'Move: Y+' [trigger] NOT Collision Continue - end  ('S: Stop' , 'S: Stop ' )
[16:30:30.291338] [Animation] [info] (th=230313) 'Move: Y+' [trigger] NOT Collision Continue - end  ('S: Stop' , 'S: Stop ' )
[16:30:30.291372] [Animation] [info] (th=230313) 'Move: Y–' [trigger] NOT Collision Continue - end  ('S: Stop' , 'S: Stop ' )
[16:30:30.291393] [Animation] [info] (th=230313) 'Move: Y–' [trigger] NOT Collision Continue - end  ('S: Stop' , 'S: Stop ' )
[16:30:30.291427] [Animation] [info] (th=230313) 'Move' [trigger] Collision Continue - end  ('S: Move Y+' , 'S: Move Y+ ' )
[16:30:30.291448] [Animation] [info] (th=230313) 'Move' [trigger] Collision Continue - end  ('S: Move Y+' , 'S: Move Y+ ' )
[16:30:30.469254] [Animation] [info] (th=230313) 'anim_idle' [trigger] State Machine State Continue - start ('idle')
[16:30:30.469364] [Animation] [info] (th=230313) 'Speed Down' [trigger] NOT Collision Continue - end  ('Vision Zone' , 'MainCharacter Body ' )
[16:30:30.469403] [Animation] [info] (th=230313) 'Walk' [trigger] NOT Collision Continue - end  ('Vision Zone' , 'MainCharacter Body ' )
[16:30:30.470628] [Animation] [info] (th=230313) 'Speed Down' [trigger] NOT Collision Continue - end  ('Vision Zone' , 'MainCharacter Body ' )
[16:30:30.470639] [Animation] [info] (th=230313) 'Walk' [trigger] NOT Collision Continue - end  ('Vision Zone' , 'MainCharacter Body ' )
[16:30:30.470886] [Animation] [info] (th=230313) 'Move Left' [trigger] Collision Continue - start ('alive' , 'Body Collision ' )
[16:30:30.470909] [Animation] [info] (th=230313) 'Move Right' [trigger] Collision Continue - start ('alive' , 'Body Collision ' )
[16:30:30.470936] [Animation] [info] (th=230313) 'Move Left' [trigger] Collision Continue - start ('Body Collision' , 'left ' )
[16:30:30.470982] [Animation] [info] (th=230313) 'Move: Y–' [trigger] Collision Started ('to Y–' , 'S: Center ' )
[16:30:30.471235] [Animation] [info] (th=230313) 'walk x3.fbx' [animation] stop
[16:30:30.539742] [Animation] [info] (th=230313) 'Speed Down' [animation] start
[16:30:30.539935] [Animation] [info] (th=230313) 'Rotate Left' [trigger] Animation Started ('Move Left')
[16:30:30.539962] [Animation] [info] (th=230313) 'Walk' [trigger] Animation Continue - start ('Move Left')
[16:30:30.539964] [Animation] [info] (th=230313) 'Move Left' [animation] start
[16:30:30.540070] [Animation] [info] (th=230313) 'Move: Y–' [animation] start
[16:30:30.540196] [Animation] [info] (th=230313) 'Move: Y+' [animation] start
[16:30:30.540285] [Animation] [info] (th=230313) 'Move' [animation] start
[16:30:30.540365] [Animation] [info] (th=230313) 'Move: Y+' [animation] start
[16:30:30.540446] [Animation] [info] (th=230313) 'Move: Y–' [animation] start
[16:30:30.540460] [Animation] [info] (th=230313) 'anim_idle' [animation] start
[16:30:30.540502] [Animation] [info] (th=230313) 'Move: Y–' [animation] start
[16:30:30.556758] [Animation] [info] (th=230313) 'Walk' [animation] start
[16:30:30.556786] [Animation] [info] (th=230313) 'Rotate Left' [animation] start
[16:30:30.558154] [Animation] [info] (th=230313) 'Move: Y–' [trigger] Collision Started ('to Y–' , 'S: Center ' )
[16:30:30.558546] [Animation] [info] (th=230313) 'anim_idle' [animation] start
[16:30:30.574670] [Animation] [info] (th=230313) 'walk x3.fbx' [animation] start
[16:30:30.590177] [Animation] [info] (th=230313) 'Move: Y–' [trigger] Collision Started ('to Y–' , 'S: Center ' )
[16:30:30.624837] [Animation] [info] (th=230313) 'Move: Y–' [trigger] Collision Started ('to Y–' , 'S: Center ' )
[16:30:30.658253] [Animation] [info] (th=230313) 'Move: Y–' [trigger] Collision Started ('to Y–' , 'S: Center ' )
[16:30:30.692050] [Animation] [info] (th=230313) 'Move: Y–' [trigger] Collision Started ('to Y–' , 'S: Center ' )
[16:30:30.726277] [Animation] [info] (th=230313) 'Move: Y–' [trigger] Collision Started ('to Y–' , 'S: Center ' )
[16:30:30.759105] [Animation] [info] (th=230313) 'Move: Y–' [trigger] Collision Started ('to Y–' , 'S: Center ' )
[16:30:30.759178] [Animation] [info] (th=230313) 'Rotate Left' [animation] stop
[16:30:30.791666] [Animation] [info] (th=230313) 'Move: Y–' [trigger] Collision Started ('to Y–' , 'S: Center ' )
[16:30:30.825006] [Animation] [info] (th=230313) 'Move: Y–' [trigger] Collision Started ('to Y–' , 'S: Center ' )
[16:30:30.858755] [Animation] [info] (th=230313) 'Move: Y–' [trigger] Collision Started ('to Y–' , 'S: Center ' )
[16:30:30.892458] [Animation] [info] (th=230313) 'Move: Y–' [trigger] Collision Started ('to Y–' , 'S: Center ' )
[16:30:30.924567] [Animation] [info] (th=230313) 'Move: Y–' [trigger] Collision Started ('to Y–' , 'S: Center ' )
[16:30:30.958802] [Animation] [info] (th=230313) 'Move: Y–' [trigger] Collision Started ('to Y–' , 'S: Center ' )
[16:30:30.992041] [Animation] [info] (th=230313) 'Move: Y–' [trigger] Collision Started ('to Y–' , 'S: Center ' )
[16:30:31.025445] [Animation] [info] (th=230313) 'Move: Y–' [trigger] Collision Started ('to Y–' , 'S: Center ' )
[16:30:31.059641] [Animation] [info] (th=230313) 'Move: Y–' [trigger] Collision Started ('to Y–' , 'S: Center ' )
[16:30:31.092920] [Animation] [info] (th=230313) 'Move: Y–' [trigger] Collision Started ('to Y–' , 'S: Center ' )
[16:30:31.125891] [Animation] [info] (th=230313) 'Move: Y–' [trigger] Collision Started ('to Y–' , 'S: Center ' )
[16:30:31.158379] [Animation] [info] (th=230313) 'Move: Y–' [trigger] Collision Started ('to Y–' , 'S: Center ' )
[16:30:31.192493] [Animation] [info] (th=230313) 'Move: Y–' [trigger] Collision Started ('to Y–' , 'S: Center ' )
[16:30:31.225999] [Animation] [info] (th=230313) 'Move: Y–' [trigger] Collision Started ('to Y–' , 'S: Center ' )
[16:30:31.258770] [Animation] [info] (th=230313) 'Move: Y–' [trigger] Collision Started ('to Y–' , 'S: Center ' )
[16:30:31.293370] [Animation] [info] (th=230313) 'Move: Y–' [trigger] Collision Started ('to Y–' , 'S: Center ' )
[16:30:31.324930] [Animation] [info] (th=230313) 'Move: Y–' [trigger] Collision Started ('to Y–' , 'S: Center ' )
[16:30:31.342391] [Animation] [info] (th=230313) 'Speed Down' [animation] stop
[16:30:31.358233] [Animation] [info] (th=230313) 'Move: Y–' [trigger] Collision Started ('to Y–' , 'S: Center ' )
[16:30:31.392010] [Animation] [info] (th=230313) 'Move: Y–' [trigger] Collision Started ('to Y–' , 'S: Center ' )
[16:30:31.424994] [Animation] [info] (th=230313) 'Move: Y–' [trigger] Collision Started ('to Y–' , 'S: Center ' )
[16:30:31.459651] [Animation] [info] (th=230313) 'Move: Y–' [trigger] Collision Started ('to Y–' , 'S: Center ' )
[16:30:31.491577] [Animation] [info] (th=230313) 'Move: Y–' [trigger] Collision Started ('to Y–' , 'S: Center ' )
[16:30:31.510880] [Animation] [info] (th=230313) 'anim_idle' [trigger] State Machine State Continue - end  ('idle')
[16:30:31.510925] [Animation] [info] (th=230313) 'anim_idle' [trigger] State Machine State Continue - end  ('idle')
[16:30:31.511328] [Animation] [info] (th=230313) 'anim_idle' [animation] stop
[16:30:31.511489] [Animation] [info] (th=230313) 'anim_idle' [animation] stop
[16:30:31.511563] [Animation] [info] (th=230313) 'Walk' [trigger] Animation Continue - end  ('Move Left')
[16:30:31.511571] [Animation] [info] (th=230313) 'Move Left' [animation] stop
[16:30:31.511919] [Animation] [info] (th=230313) 'Walk' [animation] stop
[16:30:31.511939] [Animation] [info] (th=230313) 'Move' [animation] stop
[16:30:31.511952] [Animation] [info] (th=230313) 'Move: Y+' [animation] stop
[16:30:31.511962] [Animation] [info] (th=230313) 'Move: Y+' [animation] stop
[16:30:31.511990] [Animation] [info] (th=230313) 'Move: Y–' [animation] stop
[16:30:31.512007] [Animation] [info] (th=230313) 'Move: Y–' [animation] stop
[16:30:31.512025] [Animation] [info] (th=230313) 'Move: Y–' [animation] stop
[16:30:31.512328] [Animation] [info] (th=230313) 'Move' [trigger] NOT Collision Continue - end  ('S: Stop' , 'S: Stop ' )
[16:30:31.512349] [Animation] [info] (th=230313) 'Move: Y+' [trigger] NOT Collision Continue - end  ('S: Stop' , 'S: Stop ' )
[16:30:31.512363] [Animation] [info] (th=230313) 'Move: Y+' [trigger] NOT Collision Continue - end  ('S: Stop' , 'S: Stop ' )
[16:30:31.512375] [Animation] [info] (th=230313) 'Move: Y–' [trigger] NOT Collision Continue - end  ('S: Stop' , 'S: Stop ' )
[16:30:31.512394] [Animation] [info] (th=230313) 'Move: Y–' [trigger] NOT Collision Continue - end  ('S: Stop' , 'S: Stop ' )
[16:30:31.512424] [Animation] [info] (th=230313) 'Move' [trigger] Collision Continue - end  ('S: Move Y+' , 'S: Move Y+ ' )
[16:30:31.512444] [Animation] [info] (th=230313) 'Move' [trigger] Collision Continue - end  ('S: Move Y+' , 'S: Move Y+ ' )
[16:30:31.707388] [Animation] [info] (th=230313) 'walk x3.fbx' [animation] stop
[16:30:45.266762] [Animation] [info] (th=230313) 'anim_idle' [trigger] State Machine State Continue - start ('idle')
[16:30:45.266876] [Animation] [info] (th=230313) 'Speed Down' [trigger] NOT Collision Continue - end  ('Vision Zone' , 'MainCharacter Body ' )
[16:30:45.266885] [Animation] [info] (th=230313) 'Walk' [trigger] NOT Collision Continue - end  ('Vision Zone' , 'MainCharacter Body ' )
[16:30:45.267711] [Animation] [info] (th=230313) 'Speed Down' [trigger] NOT Collision Continue - end  ('Vision Zone' , 'MainCharacter Body ' )
[16:30:45.267727] [Animation] [info] (th=230313) 'Walk' [trigger] NOT Collision Continue - end  ('Vision Zone' , 'MainCharacter Body ' )
[16:30:45.267994] [Animation] [info] (th=230313) 'Move Left' [trigger] Collision Continue - start ('alive' , 'Body Collision ' )
[16:30:45.268015] [Animation] [info] (th=230313) 'Move Right' [trigger] Collision Continue - start ('alive' , 'Body Collision ' )
[16:30:45.268055] [Animation] [info] (th=230313) 'Move Left' [trigger] Collision Continue - start ('Body Collision' , 'left ' )
[16:30:45.268112] [Animation] [info] (th=230313) 'Move: Y–' [trigger] Collision Started ('to Y–' , 'S: Center ' )
[16:30:45.359632] [Animation] [info] (th=230313) 'Speed Down' [animation] start
[16:30:45.359768] [Animation] [info] (th=230313) 'Rotate Left' [trigger] Animation Started ('Move Left')
[16:30:45.359781] [Animation] [info] (th=230313) 'Walk' [trigger] Animation Continue - start ('Move Left')
[16:30:45.359783] [Animation] [info] (th=230313) 'Move Left' [animation] start
[16:30:45.359845] [Animation] [info] (th=230313) 'Move: Y–' [animation] start
[16:30:45.359947] [Animation] [info] (th=230313) 'Move: Y+' [animation] start
[16:30:45.360037] [Animation] [info] (th=230313) 'Move' [animation] start
[16:30:45.360131] [Animation] [info] (th=230313) 'Move: Y+' [animation] start
[16:30:45.360232] [Animation] [info] (th=230313) 'Move: Y–' [animation] start
[16:30:45.360261] [Animation] [info] (th=230313) 'anim_idle' [animation] start
[16:30:45.360345] [Animation] [info] (th=230313) 'Move: Y–' [animation] start
[16:30:45.367344] [Animation] [info] (th=230313) 'Walk' [animation] start
[16:30:45.367369] [Animation] [info] (th=230313) 'Rotate Left' [animation] start
[16:30:45.368459] [Animation] [info] (th=230313) 'Move: Y–' [trigger] Collision Started ('to Y–' , 'S: Center ' )
[16:30:45.368807] [Animation] [info] (th=230313) 'anim_idle' [animation] start
[16:30:45.383550] [Animation] [info] (th=230313) 'walk x3.fbx' [animation] start
[16:30:45.400468] [Animation] [info] (th=230313) 'Move: Y–' [trigger] Collision Started ('to Y–' , 'S: Center ' )
[16:30:45.429886] [Animation] [info] (th=230313) 'Move: Y–' [trigger] Collision Started ('to Y–' , 'S: Center ' )
[16:30:45.472410] [Animation] [info] (th=230313) 'Move: Y–' [trigger] Collision Started ('to Y–' , 'S: Center ' )
[16:30:45.505792] [Animation] [info] (th=230313) 'Move: Y–' [trigger] Collision Started ('to Y–' , 'S: Center ' )
[16:30:45.539333] [Animation] [info] (th=230313) 'Move: Y–' [trigger] Collision Started ('to Y–' , 'S: Center ' )
[16:30:45.571904] [Animation] [info] (th=230313) 'Move: Y–' [trigger] Collision Started ('to Y–' , 'S: Center ' )
[16:30:45.571976] [Animation] [info] (th=230313) 'Rotate Left' [animation] stop
[16:30:45.604665] [Animation] [info] (th=230313) 'Move: Y–' [trigger] Collision Started ('to Y–' , 'S: Center ' )
[16:30:45.628523] [Animation] [info] (th=230313) 'Move: Y–' [trigger] Collision Started ('to Y–' , 'S: Center ' )
[16:30:45.663664] [Animation] [info] (th=230313) 'Move: Y–' [trigger] Collision Started ('to Y–' , 'S: Center ' )
[16:30:45.696926] [Animation] [info] (th=230313) 'Move: Y–' [trigger] Collision Started ('to Y–' , 'S: Center ' )
[16:30:45.730083] [Animation] [info] (th=230313) 'Move: Y–' [trigger] Collision Started ('to Y–' , 'S: Center ' )
[16:30:45.762486] [Animation] [info] (th=230313) 'Move: Y–' [trigger] Collision Started ('to Y–' , 'S: Center ' )
[16:30:45.796778] [Animation] [info] (th=230313) 'Move: Y–' [trigger] Collision Started ('to Y–' , 'S: Center ' )
[16:30:45.828951] [Animation] [info] (th=230313) 'Move: Y–' [trigger] Collision Started ('to Y–' , 'S: Center ' )
[16:30:45.861486] [Animation] [info] (th=230313) 'anim_idle' [trigger] State Machine State Continue - end  ('idle')
[16:30:45.861525] [Animation] [info] (th=230313) 'anim_idle' [trigger] State Machine State Continue - end  ('idle')
[16:30:45.861830] [Animation] [info] (th=230313) 'anim_idle' [animation] stop
[16:30:45.861909] [Animation] [info] (th=230313) 'anim_idle' [animation] stop
[16:30:45.861955] [Animation] [info] (th=230313) 'Walk' [trigger] Animation Continue - end  ('Move Left')
[16:30:45.861962] [Animation] [info] (th=230313) 'Move Left' [animation] stop
[16:30:45.861976] [Animation] [info] (th=230313) 'Speed Down' [animation] stop
[16:30:45.862350] [Animation] [info] (th=230313) 'Walk' [animation] stop
[16:30:45.862374] [Animation] [info] (th=230313) 'Move' [animation] stop
[16:30:45.862398] [Animation] [info] (th=230313) 'Move: Y+' [animation] stop
[16:30:45.862410] [Animation] [info] (th=230313) 'Move: Y+' [animation] stop
[16:30:45.862425] [Animation] [info] (th=230313) 'Move: Y–' [animation] stop
[16:30:45.862438] [Animation] [info] (th=230313) 'Move: Y–' [animation] stop
[16:30:45.862450] [Animation] [info] (th=230313) 'Move: Y–' [animation] stop
[16:30:45.862716] [Animation] [info] (th=230313) 'Move' [trigger] NOT Collision Continue - end  ('S: Stop' , 'S: Stop ' )
[16:30:45.862740] [Animation] [info] (th=230313) 'Move: Y+' [trigger] NOT Collision Continue - end  ('S: Stop' , 'S: Stop ' )
[16:30:45.862756] [Animation] [info] (th=230313) 'Move: Y+' [trigger] NOT Collision Continue - end  ('S: Stop' , 'S: Stop ' )
[16:30:45.862770] [Animation] [info] (th=230313) 'Move: Y–' [trigger] NOT Collision Continue - end  ('S: Stop' , 'S: Stop ' )
[16:30:45.862784] [Animation] [info] (th=230313) 'Move: Y–' [trigger] NOT Collision Continue - end  ('S: Stop' , 'S: Stop ' )
[16:30:45.862815] [Animation] [info] (th=230313) 'Move' [trigger] Collision Continue - end  ('S: Move Y+' , 'S: Move Y+ ' )
[16:30:45.862829] [Animation] [info] (th=230313) 'Move' [trigger] Collision Continue - end  ('S: Move Y+' , 'S: Move Y+ ' )
[16:30:46.133823] [Animation] [info] (th=230313) 'walk x3.fbx' [animation] stop
